#
# There is insufficient memory for the Java Runtime Environment to continue.
# Native memory allocation (malloc) failed to allocate 1248336 bytes for Chunk::new
# Possible reasons:
#   The system is out of physical RAM or swap space
#   The process is running with CompressedOops enabled, and the Java Heap may be blocking the growth of the native heap
# Possible solutions:
#   Reduce memory load on the system
#   Increase physical memory or swap space
#   Check if swap backing store is full
#   Decrease Java heap size (-Xmx/-Xms)
#   Decrease number of Java threads
#   Decrease Java thread stack sizes (-Xss)
#   Set larger code cache with -XX:ReservedCodeCacheSize=
#   JVM is running with Unscaled Compressed Oops mode in which the Java heap is
#     placed in the first 4GB address space. The Java Heap base address is the
#     maximum limit for the native heap growth. Please use -XX:HeapBaseMinAddress
#     to set the Java Heap base and to place the Java Heap above 4GB virtual address.
# This output file may be truncated or incomplete.
#
#  Out of Memory Error (allocation.cpp:389), pid=13640, tid=0x000000000000244c
#
# JRE version: OpenJDK Runtime Environment (8.0_242-b01) (build 1.8.0_242-release-1644-b01)
# Java VM: OpenJDK 64-Bit Server VM (25.242-b01 mixed mode windows-amd64 compressed oops)
# Failed to write core dump. Minidumps are not enabled by default on client versions of Windows
#

---------------  T H R E A D  ---------------

Current thread (0x0000000019e93800):  JavaThread "C2 CompilerThread0" daemon [_thread_in_native, id=9292, stack(0x000000001a760000,0x000000001a860000)]

Stack: [0x000000001a760000,0x000000001a860000]
[error occurred during error reporting (printing stack bounds), id 0xc0000005]

Native frames: (J=compiled Java code, j=interpreted, Vv=VM code, C=native code)


Current CompileTask:
C2:18422198 42977       4       com.android.tools.r8.code.v1::a (4137 bytes)


---------------  P R O C E S S  ---------------

Java Threads: ( => current thread )
  0x000000003eb22000 JavaThread "ForkJoinPool-49-worker-0" daemon [_thread_blocked, id=8344, stack(0x00000000427f0000,0x00000000428f0000)]
  0x000000003eb29000 JavaThread "ForkJoinPool-49-worker-7" daemon [_thread_blocked, id=12872, stack(0x00000000426f0000,0x00000000427f0000)]
  0x000000003eb26000 JavaThread "ForkJoinPool-49-worker-6" daemon [_thread_blocked, id=3320, stack(0x00000000425f0000,0x00000000426f0000)]
  0x000000003eb28000 JavaThread "ForkJoinPool-49-worker-5" daemon [_thread_blocked, id=4312, stack(0x00000000424f0000,0x00000000425f0000)]
  0x000000003eb27800 JavaThread "ForkJoinPool-49-worker-4" daemon [_thread_blocked, id=12924, stack(0x00000000420e0000,0x00000000421e0000)]
  0x000000002e319000 JavaThread "ForkJoinPool-49-worker-3" daemon [_thread_blocked, id=964, stack(0x0000000041dc0000,0x0000000041ec0000)]
  0x000000002e317000 JavaThread "ForkJoinPool-49-worker-2" daemon [_thread_blocked, id=3216, stack(0x0000000041ac0000,0x0000000041bc0000)]
  0x000000002e313000 JavaThread "ForkJoinPool-49-worker-1" daemon [_thread_blocked, id=12832, stack(0x000000003d710000,0x000000003d810000)]
  0x000000002e316000 JavaThread "stdout" [_thread_in_native, id=9040, stack(0x0000000041cc0000,0x0000000041dc0000)]
  0x000000002e314000 JavaThread "stderr" [_thread_in_native, id=15856, stack(0x0000000041bc0000,0x0000000041cc0000)]
  0x000000002e317800 JavaThread "stdout" [_thread_in_native, id=11896, stack(0x0000000038e40000,0x0000000038f40000)]
  0x000000002e312800 JavaThread "stderr" [_thread_in_native, id=12756, stack(0x0000000038d40000,0x0000000038e40000)]
  0x000000002e30b800 JavaThread "stdout" [_thread_in_native, id=15960, stack(0x0000000038aa0000,0x0000000038ba0000)]
  0x000000002e30e000 JavaThread "stderr" [_thread_in_native, id=14988, stack(0x00000000389a0000,0x0000000038aa0000)]
  0x000000002e311000 JavaThread "stdout" [_thread_in_native, id=9656, stack(0x00000000388a0000,0x00000000389a0000)]
  0x000000001fc82800 JavaThread "stderr" [_thread_in_native, id=3748, stack(0x00000000387a0000,0x00000000388a0000)]
  0x000000001fc81000 JavaThread "stdout" [_thread_in_native, id=7612, stack(0x00000000386a0000,0x00000000387a0000)]
  0x000000001fc80000 JavaThread "stderr" [_thread_in_native, id=2044, stack(0x00000000385a0000,0x00000000386a0000)]
  0x000000001fc7f800 JavaThread "stdout" [_thread_in_native, id=11600, stack(0x00000000384a0000,0x00000000385a0000)]
  0x000000001fc7e800 JavaThread "stderr" [_thread_in_native, id=11620, stack(0x00000000383a0000,0x00000000384a0000)]
  0x000000001fc81800 JavaThread "WorkerExecutor Queue Thread 8" [_thread_blocked, id=11128, stack(0x00000000382a0000,0x00000000383a0000)]
  0x000000001fc77000 JavaThread "stdout" [_thread_in_native, id=7064, stack(0x00000000381a0000,0x00000000382a0000)]
  0x000000001fc7d000 JavaThread "stderr" [_thread_in_native, id=15348, stack(0x00000000380a0000,0x00000000381a0000)]
  0x000000001fc7e000 JavaThread "WorkerExecutor Queue Thread 7" [_thread_blocked, id=6752, stack(0x0000000037fa0000,0x00000000380a0000)]
  0x000000001fc75800 JavaThread "WorkerExecutor Queue Thread 6" [_thread_blocked, id=13340, stack(0x0000000037ea0000,0x0000000037fa0000)]
  0x000000001fc7a000 JavaThread "WorkerExecutor Queue Thread 5" [_thread_blocked, id=2768, stack(0x0000000037da0000,0x0000000037ea0000)]
  0x000000001f7e6000 JavaThread "WorkerExecutor Queue Thread 4" [_thread_blocked, id=6576, stack(0x0000000037810000,0x0000000037910000)]
  0x000000001f7e4800 JavaThread "pool-97-thread-1" [_thread_blocked, id=10028, stack(0x0000000037600000,0x0000000037700000)]
  0x000000001f7dd000 JavaThread "WorkerExecutor Queue Thread 3" [_thread_blocked, id=15588, stack(0x0000000037290000,0x0000000037390000)]
  0x000000001f7e0000 JavaThread "WorkerExecutor Queue Thread 2" [_thread_in_Java, id=3184, stack(0x0000000037190000,0x0000000037290000)]
  0x000000001f7de800 JavaThread "WorkerExecutor Queue" [_thread_blocked, id=5708, stack(0x0000000037090000,0x0000000037190000)]
  0x000000001f7e2800 JavaThread "Cache worker for execution history cache (C:\Users\spart\AndroidStudioProjects\MyApplication\.gradle\6.5\executionHistory)" [_thread_blocked, id=5408, stack(0x0000000036f90000,0x0000000037090000)]
  0x000000001f7df800 JavaThread "Execution worker for ':' Thread 7" [_thread_blocked, id=6840, stack(0x0000000036b90000,0x0000000036c90000)]
  0x000000001f7de000 JavaThread "Execution worker for ':' Thread 6" [_thread_blocked, id=12956, stack(0x0000000036a90000,0x0000000036b90000)]
  0x000000001f7e3000 JavaThread "Execution worker for ':' Thread 5" [_thread_blocked, id=12696, stack(0x0000000036530000,0x0000000036630000)]
  0x000000001f7dc800 JavaThread "Execution worker for ':' Thread 4" [_thread_blocked, id=3368, stack(0x0000000036150000,0x0000000036250000)]
  0x000000001f7db000 JavaThread "Execution worker for ':' Thread 3" [_thread_blocked, id=9460, stack(0x0000000036050000,0x0000000036150000)]
  0x000000001f7e1800 JavaThread "Execution worker for ':' Thread 2" [_thread_blocked, id=13068, stack(0x00000000323f0000,0x00000000324f0000)]
  0x000000001cd35000 JavaThread "Execution worker for ':'" [_thread_in_native, id=10812, stack(0x0000000030ea0000,0x0000000030fa0000)]
  0x000000001cd33800 JavaThread "Cache worker for file content cache (C:\Users\spart\AndroidStudioProjects\MyApplication\.gradle\6.5\fileContent)" [_thread_blocked, id=3176, stack(0x0000000030ba0000,0x0000000030ca0000)]
  0x000000001cd32800 JavaThread "Cache worker for Build Output Cleanup Cache (C:\Users\spart\AndroidStudioProjects\MyApplication\.gradle\buildOutputCleanup)" [_thread_blocked, id=1348, stack(0x0000000030aa0000,0x0000000030ba0000)]
  0x000000001cd32000 JavaThread "Build operations Thread 8" [_thread_blocked, id=12980, stack(0x0000000022c90000,0x0000000022d90000)]
  0x000000001cd31000 JavaThread "Build operations Thread 7" [_thread_blocked, id=5804, stack(0x0000000022b90000,0x0000000022c90000)]
  0x000000001cd28000 JavaThread "Build operations Thread 6" [_thread_blocked, id=7928, stack(0x0000000022a90000,0x0000000022b90000)]
  0x000000001cd27800 JavaThread "Build operations Thread 5" [_thread_blocked, id=9608, stack(0x0000000022990000,0x0000000022a90000)]
  0x000000001cd2a800 JavaThread "Build operations Thread 4" [_thread_blocked, id=6992, stack(0x0000000022890000,0x0000000022990000)]
  0x000000001cd2e000 JavaThread "Build operations Thread 3" [_thread_blocked, id=3304, stack(0x00000000216e0000,0x00000000217e0000)]
  0x000000001cd2d800 JavaThread "Build operations Thread 2" [_thread_blocked, id=7964, stack(0x0000000021320000,0x0000000021420000)]
  0x000000001cd26000 JavaThread "Build operations" [_thread_blocked, id=15600, stack(0x0000000021220000,0x0000000021320000)]
  0x000000001cd26800 JavaThread "Cache worker for cache directory md-rule (C:\Users\spart\.gradle\caches\6.5\md-rule)" [_thread_blocked, id=12480, stack(0x0000000021120000,0x0000000021220000)]
  0x000000001cd29000 JavaThread "Cache worker for cache directory md-supplier (C:\Users\spart\.gradle\caches\6.5\md-supplier)" [_thread_blocked, id=4056, stack(0x000000001e980000,0x000000001ea80000)]
  0x0000000022780800 JavaThread "Cache worker for checksums cache (C:\Users\spart\AndroidStudioProjects\MyApplication\.gradle\checksums)" [_thread_blocked, id=10552, stack(0x000000001e880000,0x000000001e980000)]
  0x000000002277b800 JavaThread "Cache worker for file hash cache (C:\Users\spart\AndroidStudioProjects\MyApplication\.gradle\6.5\fileHashes)" [_thread_blocked, id=496, stack(0x000000001e780000,0x000000001e880000)]
  0x000000002277f000 JavaThread "Thread-4454" [_thread_blocked, id=13576, stack(0x000000001e680000,0x000000001e780000)]
  0x0000000022773800 JavaThread "Stdin handler" [_thread_blocked, id=13192, stack(0x000000001e480000,0x000000001e580000)]
  0x000000002277a800 JavaThread "Asynchronous log dispatcher for DefaultDaemonConnection: socket connection from /127.0.0.1:62038 to /127.0.0.1:57553" [_thread_blocked, id=13092, stack(0x000000001dc40000,0x000000001dd40000)]
  0x0000000022779000 JavaThread "Cancel handler" [_thread_blocked, id=1432, stack(0x0000000001320000,0x0000000001420000)]
  0x0000000022771800 JavaThread "Handler for socket connection from /127.0.0.1:62038 to /127.0.0.1:57553" [_thread_in_native, id=13112, stack(0x0000000001220000,0x0000000001320000)]
  0x000000001bccf000 JavaThread "jar transforms Thread 3194" [_thread_blocked, id=15580, stack(0x000000002ce80000,0x000000002cf80000)]
  0x000000001bcce800 JavaThread "jar transforms Thread 3193" [_thread_blocked, id=16056, stack(0x000000002cd80000,0x000000002ce80000)]
  0x000000001bccc000 JavaThread "jar transforms Thread 3192" [_thread_blocked, id=15772, stack(0x000000002cc80000,0x000000002cd80000)]
  0x000000001bcd2000 JavaThread "jar transforms Thread 3191" [_thread_blocked, id=13296, stack(0x000000002cb80000,0x000000002cc80000)]
  0x000000001bccd800 JavaThread "jar transforms Thread 3190" [_thread_blocked, id=9180, stack(0x000000002ca80000,0x000000002cb80000)]
  0x000000001bcd0000 JavaThread "jar transforms Thread 3189" [_thread_blocked, id=13348, stack(0x000000002c980000,0x000000002ca80000)]
  0x000000001bcd1800 JavaThread "jar transforms Thread 3188" [_thread_blocked, id=10096, stack(0x000000002c880000,0x000000002c980000)]
  0x000000001bcd0800 JavaThread "jar transforms Thread 3187" [_thread_blocked, id=13216, stack(0x000000002c780000,0x000000002c880000)]
  0x000000001bcc4800 JavaThread "jar transforms Thread 3186" [_thread_blocked, id=1956, stack(0x000000002c680000,0x000000002c780000)]
  0x000000001bcca800 JavaThread "jar transforms Thread 3185" [_thread_blocked, id=13600, stack(0x000000002c580000,0x000000002c680000)]
  0x000000001bcc3800 JavaThread "jar transforms Thread 3184" [_thread_blocked, id=4076, stack(0x000000002c480000,0x000000002c580000)]
  0x000000001bcc3000 JavaThread "jar transforms Thread 3183" [_thread_blocked, id=2284, stack(0x000000002c380000,0x000000002c480000)]
  0x000000001bcca000 JavaThread "jar transforms Thread 3182" [_thread_blocked, id=14380, stack(0x000000002c280000,0x000000002c380000)]
  0x000000001bcc5000 JavaThread "jar transforms Thread 3181" [_thread_blocked, id=11756, stack(0x000000002c180000,0x000000002c280000)]
  0x000000001bcc7000 JavaThread "jar transforms Thread 3180" [_thread_blocked, id=15292, stack(0x000000002c080000,0x000000002c180000)]
  0x000000001bcc9000 JavaThread "jar transforms Thread 3179" [_thread_blocked, id=14200, stack(0x000000002bf80000,0x000000002c080000)]
  0x000000001bcc8800 JavaThread "jar transforms Thread 3178" [_thread_blocked, id=13652, stack(0x000000002be80000,0x000000002bf80000)]
  0x000000001bcc6000 JavaThread "jar transforms Thread 3177" [_thread_blocked, id=14616, stack(0x000000002bd80000,0x000000002be80000)]
  0x000000001bcc7800 JavaThread "jar transforms Thread 3176" [_thread_blocked, id=15684, stack(0x000000002bc80000,0x000000002bd80000)]
  0x000000002f0e1000 JavaThread "jar transforms Thread 3175" [_thread_blocked, id=6220, stack(0x000000002bb80000,0x000000002bc80000)]
  0x000000002f0df800 JavaThread "jar transforms Thread 3174" [_thread_blocked, id=8656, stack(0x000000002ba80000,0x000000002bb80000)]
  0x000000002f0e3000 JavaThread "jar transforms Thread 3173" [_thread_blocked, id=4760, stack(0x000000002b980000,0x000000002ba80000)]
  0x000000002f0de000 JavaThread "jar transforms Thread 3172" [_thread_blocked, id=7724, stack(0x000000002b880000,0x000000002b980000)]
  0x000000002f0e0000 JavaThread "jar transforms Thread 3171" [_thread_blocked, id=13716, stack(0x000000002b780000,0x000000002b880000)]
  0x000000002f0e2800 JavaThread "jar transforms Thread 3170" [_thread_blocked, id=1948, stack(0x000000002b680000,0x000000002b780000)]
  0x000000002f0e1800 JavaThread "jar transforms Thread 3169" [_thread_blocked, id=16140, stack(0x000000002b580000,0x000000002b680000)]
  0x000000002f0d6800 JavaThread "jar transforms Thread 3168" [_thread_blocked, id=9792, stack(0x000000002b480000,0x000000002b580000)]
  0x000000002f0dc800 JavaThread "jar transforms Thread 3167" [_thread_blocked, id=15496, stack(0x000000002b380000,0x000000002b480000)]
  0x000000002f0d5000 JavaThread "jar transforms Thread 3166" [_thread_blocked, id=5112, stack(0x000000002b280000,0x000000002b380000)]
  0x000000002f0d5800 JavaThread "jar transforms Thread 3165" [_thread_blocked, id=14836, stack(0x000000002b080000,0x000000002b180000)]
  0x000000002f0d7000 JavaThread "jar transforms Thread 3164" [_thread_blocked, id=14144, stack(0x000000002af80000,0x000000002b080000)]
  0x000000002f0d3800 JavaThread "jar transforms Thread 3163" [_thread_blocked, id=12616, stack(0x000000002ae80000,0x000000002af80000)]
  0x000000002f0cc800 JavaThread "jar transforms Thread 3162" [_thread_blocked, id=11412, stack(0x000000002ad80000,0x000000002ae80000)]
  0x000000002f0cc000 JavaThread "jar transforms Thread 3161" [_thread_blocked, id=3128, stack(0x000000002ac80000,0x000000002ad80000)]
  0x000000002f0d1000 JavaThread "jar transforms Thread 3160" [_thread_blocked, id=9620, stack(0x000000002ab80000,0x000000002ac80000)]
  0x000000002f0d0800 JavaThread "jar transforms Thread 3159" [_thread_blocked, id=2988, stack(0x000000002aa80000,0x000000002ab80000)]
  0x000000002f0d2800 JavaThread "jar transforms Thread 3158" [_thread_blocked, id=15852, stack(0x000000002a980000,0x000000002aa80000)]
  0x000000002f0cb000 JavaThread "jar transforms Thread 3157" [_thread_blocked, id=14112, stack(0x000000002a880000,0x000000002a980000)]
  0x000000002f0cd800 JavaThread "jar transforms Thread 3156" [_thread_blocked, id=7504, stack(0x000000002a780000,0x000000002a880000)]
  0x000000002f0cf800 JavaThread "jar transforms Thread 3155" [_thread_blocked, id=13604, stack(0x000000002a680000,0x000000002a780000)]
  0x000000002f0ce000 JavaThread "jar transforms Thread 3154" [_thread_blocked, id=6980, stack(0x000000002a580000,0x000000002a680000)]
  0x000000002f0cf000 JavaThread "jar transforms Thread 3153" [_thread_blocked, id=11260, stack(0x000000002a480000,0x000000002a580000)]
  0x000000002f0c4800 JavaThread "jar transforms Thread 3152" [_thread_blocked, id=15272, stack(0x000000002a380000,0x000000002a480000)]
  0x000000002f0ca800 JavaThread "jar transforms Thread 3151" [_thread_blocked, id=3412, stack(0x000000002a280000,0x000000002a380000)]
  0x000000002f0c9800 JavaThread "jar transforms Thread 3150" [_thread_blocked, id=12484, stack(0x000000002a180000,0x000000002a280000)]
  0x000000002f0c9000 JavaThread "jar transforms Thread 3149" [_thread_blocked, id=13584, stack(0x000000002a080000,0x000000002a180000)]
  0x000000002f0c8000 JavaThread "jar transforms Thread 3148" [_thread_blocked, id=10764, stack(0x0000000029f80000,0x000000002a080000)]
  0x000000002f0c6000 JavaThread "jar transforms Thread 3147" [_thread_blocked, id=6660, stack(0x0000000029e80000,0x0000000029f80000)]
  0x000000002e79b800 JavaThread "jar transforms Thread 3146" [_thread_blocked, id=4128, stack(0x0000000029d80000,0x0000000029e80000)]
  0x000000002e794000 JavaThread "jar transforms Thread 3145" [_thread_blocked, id=14812, stack(0x0000000029c80000,0x0000000029d80000)]
  0x000000002e79a800 JavaThread "jar transforms Thread 3144" [_thread_blocked, id=1824, stack(0x0000000029b80000,0x0000000029c80000)]
  0x000000002e79a000 JavaThread "jar transforms Thread 3143" [_thread_blocked, id=4748, stack(0x0000000029a80000,0x0000000029b80000)]
  0x000000002e792800 JavaThread "jar transforms Thread 3142" [_thread_blocked, id=7368, stack(0x0000000029980000,0x0000000029a80000)]
  0x000000002e799000 JavaThread "jar transforms Thread 3141" [_thread_blocked, id=12336, stack(0x0000000029880000,0x0000000029980000)]
  0x000000002e797000 JavaThread "jar transforms Thread 3140" [_thread_blocked, id=12628, stack(0x0000000029780000,0x0000000029880000)]
  0x000000002e791800 JavaThread "jar transforms Thread 3139" [_thread_blocked, id=11720, stack(0x0000000029680000,0x0000000029780000)]
  0x000000002e795800 JavaThread "jar transforms Thread 3138" [_thread_blocked, id=16208, stack(0x0000000029580000,0x0000000029680000)]
  0x000000002e798800 JavaThread "jar transforms Thread 3137" [_thread_blocked, id=9872, stack(0x0000000029480000,0x0000000029580000)]
  0x000000002e791000 JavaThread "jar transforms Thread 3136" [_thread_blocked, id=5336, stack(0x0000000029380000,0x0000000029480000)]
  0x000000002e797800 JavaThread "jar transforms Thread 3135" [_thread_blocked, id=6972, stack(0x0000000029280000,0x0000000029380000)]
  0x000000002e790000 JavaThread "jar transforms Thread 3134" [_thread_blocked, id=5832, stack(0x0000000029180000,0x0000000029280000)]
  0x000000002e796000 JavaThread "jar transforms Thread 3133" [_thread_blocked, id=7492, stack(0x0000000029080000,0x0000000029180000)]
  0x000000002e793000 JavaThread "jar transforms Thread 3132" [_thread_blocked, id=15236, stack(0x0000000028f80000,0x0000000029080000)]
  0x000000002e794800 JavaThread "jar transforms Thread 3131" [_thread_blocked, id=1636, stack(0x0000000028e80000,0x0000000028f80000)]
  0x000000002e789000 JavaThread "jar transforms Thread 3130" [_thread_blocked, id=2868, stack(0x0000000028d80000,0x0000000028e80000)]
  0x000000002e78f800 JavaThread "jar transforms Thread 3129" [_thread_blocked, id=13492, stack(0x0000000028c80000,0x0000000028d80000)]
  0x000000002e78d000 JavaThread "jar transforms Thread 3128" [_thread_blocked, id=1976, stack(0x0000000028b80000,0x0000000028c80000)]
  0x000000002e788800 JavaThread "jar transforms Thread 3127" [_thread_blocked, id=2532, stack(0x0000000028a80000,0x0000000028b80000)]
  0x000000002e78e800 JavaThread "jar transforms Thread 3126" [_thread_blocked, id=13224, stack(0x0000000028980000,0x0000000028a80000)]
  0x000000002e78c000 JavaThread "jar transforms Thread 3125" [_thread_blocked, id=4316, stack(0x0000000028880000,0x0000000028980000)]
  0x000000002e78b800 JavaThread "jar transforms Thread 3124" [_thread_blocked, id=15904, stack(0x0000000028780000,0x0000000028880000)]
  0x000000002e78a800 JavaThread "jar transforms Thread 3123" [_thread_blocked, id=15820, stack(0x0000000028680000,0x0000000028780000)]
  0x000000002e781000 JavaThread "jar transforms Thread 3122" [_thread_blocked, id=5400, stack(0x0000000028580000,0x0000000028680000)]
  0x000000002e787800 JavaThread "jar transforms Thread 3121" [_thread_blocked, id=2316, stack(0x0000000028480000,0x0000000028580000)]
  0x000000002e780000 JavaThread "jar transforms Thread 3120" [_thread_blocked, id=6668, stack(0x0000000028380000,0x0000000028480000)]
  0x000000002e786000 JavaThread "jar transforms Thread 3119" [_thread_blocked, id=6728, stack(0x0000000028280000,0x0000000028380000)]
  0x000000002e77e800 JavaThread "jar transforms Thread 3118" [_thread_blocked, id=16060, stack(0x0000000028180000,0x0000000028280000)]
  0x000000002e77f800 JavaThread "jar transforms Thread 3117" [_thread_blocked, id=3080, stack(0x0000000028080000,0x0000000028180000)]
  0x000000002e785800 JavaThread "jar transforms Thread 3116" [_thread_blocked, id=15948, stack(0x0000000027f80000,0x0000000028080000)]
  0x000000002e77d000 JavaThread "jar transforms Thread 3115" [_thread_blocked, id=1140, stack(0x0000000027e80000,0x0000000027f80000)]
  0x000000002e784000 JavaThread "jar transforms Thread 3114" [_thread_blocked, id=11740, stack(0x0000000027d80000,0x0000000027e80000)]
  0x000000002e77e000 JavaThread "jar transforms Thread 3113" [_thread_blocked, id=1040, stack(0x0000000027c80000,0x0000000027d80000)]
  0x000000002e77c800 JavaThread "jar transforms Thread 3112" [_thread_blocked, id=7232, stack(0x0000000027b80000,0x0000000027c80000)]
  0x000000002e783000 JavaThread "jar transforms Thread 3111" [_thread_blocked, id=7712, stack(0x0000000027a80000,0x0000000027b80000)]
  0x000000003eb40000 JavaThread "jar transforms Thread 3110" [_thread_blocked, id=7740, stack(0x0000000027980000,0x0000000027a80000)]
  0x000000003eb3f800 JavaThread "jar transforms Thread 3109" [_thread_blocked, id=5288, stack(0x0000000027880000,0x0000000027980000)]
  0x000000003eb3e800 JavaThread "jar transforms Thread 3108" [_thread_blocked, id=8456, stack(0x0000000027780000,0x0000000027880000)]
  0x000000003eb3d000 JavaThread "jar transforms Thread 3107" [_thread_blocked, id=14792, stack(0x0000000027680000,0x0000000027780000)]
  0x000000003eb3c800 JavaThread "jar transforms Thread 3106" [_thread_blocked, id=3076, stack(0x0000000027580000,0x0000000027680000)]
  0x000000003eb3e000 JavaThread "jar transforms Thread 3105" [_thread_blocked, id=3208, stack(0x0000000027480000,0x0000000027580000)]
  0x000000003eb3b000 JavaThread "jar transforms Thread 3104" [_thread_blocked, id=15744, stack(0x0000000027380000,0x0000000027480000)]
  0x000000003eb3a000 JavaThread "jar transforms Thread 3103" [_thread_blocked, id=3136, stack(0x0000000027280000,0x0000000027380000)]
  0x000000003eb3b800 JavaThread "jar transforms Thread 3102" [_thread_blocked, id=6932, stack(0x0000000027180000,0x0000000027280000)]
  0x000000003eb34000 JavaThread "jar transforms Thread 3101" [_thread_blocked, id=15148, stack(0x0000000027080000,0x0000000027180000)]
  0x000000003eb38800 JavaThread "jar transforms Thread 3100" [_thread_blocked, id=12264, stack(0x0000000026f80000,0x0000000027080000)]
  0x000000003eb35000 JavaThread "jar transforms Thread 3099" [_thread_blocked, id=4620, stack(0x0000000026e80000,0x0000000026f80000)]
  0x000000003eb36800 JavaThread "jar transforms Thread 3098" [_thread_blocked, id=9328, stack(0x0000000026d80000,0x0000000026e80000)]
  0x000000003eb31000 JavaThread "jar transforms Thread 3097" [_thread_blocked, id=4884, stack(0x0000000026c80000,0x0000000026d80000)]
  0x000000003eb38000 JavaThread "jar transforms Thread 3096" [_thread_blocked, id=10488, stack(0x0000000026b80000,0x0000000026c80000)]
  0x000000003eb35800 JavaThread "jar transforms Thread 3095" [_thread_blocked, id=12508, stack(0x00000000265c0000,0x00000000266c0000)]
  0x000000003eb37000 JavaThread "jar transforms Thread 3094" [_thread_blocked, id=4596, stack(0x0000000026240000,0x0000000026340000)]
  0x000000003eb2c800 JavaThread "jar transforms Thread 3093" [_thread_blocked, id=16204, stack(0x0000000025ca0000,0x0000000025da0000)]
  0x000000003eb30800 JavaThread "jar transforms Thread 3092" [_thread_blocked, id=2004, stack(0x0000000025790000,0x0000000025890000)]
  0x000000003eb33800 JavaThread "jar transforms Thread 3091" [_thread_blocked, id=15688, stack(0x0000000024bf0000,0x0000000024cf0000)]
  0x000000003eb2f800 JavaThread "jar transforms Thread 3090" [_thread_blocked, id=16220, stack(0x0000000024af0000,0x0000000024bf0000)]
  0x000000003eb2c000 JavaThread "jar transforms Thread 3089" [_thread_blocked, id=10604, stack(0x00000000249f0000,0x0000000024af0000)]
  0x000000003eb32800 JavaThread "jar transforms Thread 3088" [_thread_blocked, id=15616, stack(0x00000000248f0000,0x00000000249f0000)]
  0x000000003eb2d800 JavaThread "jar transforms Thread 3087" [_thread_blocked, id=3088, stack(0x00000000247f0000,0x00000000248f0000)]
  0x000000003eb2e000 JavaThread "jar transforms Thread 3086" [_thread_blocked, id=15440, stack(0x00000000246f0000,0x00000000247f0000)]
  0x000000003eb24800 JavaThread "jar transforms Thread 3085" [_thread_blocked, id=2648, stack(0x00000000243f0000,0x00000000244f0000)]
  0x000000003eb25000 JavaThread "jar transforms Thread 3084" [_thread_blocked, id=9144, stack(0x00000000240f0000,0x00000000241f0000)]
  0x000000003eb2b000 JavaThread "jar transforms Thread 3083" [_thread_blocked, id=7112, stack(0x0000000023ff0000,0x00000000240f0000)]
  0x000000003eb23800 JavaThread "jar transforms Thread 3082" [_thread_blocked, id=8940, stack(0x0000000023ef0000,0x0000000023ff0000)]
  0x000000003eb2a800 JavaThread "jar transforms Thread 3081" [_thread_blocked, id=7004, stack(0x0000000023df0000,0x0000000023ef0000)]
  0x000000001fc7b000 JavaThread "Daemon worker Thread 28" [_thread_blocked, id=15320, stack(0x000000001db40000,0x000000001dc40000)]
  0x000000001fc75000 JavaThread "Daemon Thread 28" [_thread_blocked, id=15060, stack(0x0000000001120000,0x0000000001220000)]
  0x0000000022776800 JavaThread "RMI Reaper" [_thread_blocked, id=3812, stack(0x0000000036e90000,0x0000000036f90000)]
  0x0000000022774800 JavaThread "GC Daemon" daemon [_thread_blocked, id=14688, stack(0x0000000036d90000,0x0000000036e90000)]
  0x000000002f0da000 JavaThread "Cache worker for Java compile cache (C:\Users\spart\.gradle\caches\6.5\javaCompile)" [_thread_blocked, id=16372, stack(0x0000000042c20000,0x0000000042d20000)]
  0x000000002f0de800 JavaThread "RMI TCP Accept-0" daemon [_thread_in_native, id=3892, stack(0x00000000421e0000,0x00000000422e0000)]
  0x000000002f0db800 JavaThread "RMI Scheduler(0)" daemon [_thread_blocked, id=4196, stack(0x0000000038c40000,0x0000000038d40000)]
  0x000000002f0c5000 JavaThread "MarlinRenderer Disposer" daemon [_thread_blocked, id=15640, stack(0x0000000037710000,0x0000000037810000)]
  0x000000002e30b000 JavaThread "Java2D Disposer" daemon [_thread_blocked, id=16200, stack(0x0000000036c90000,0x0000000036d90000)]
  0x000000001cd2c800 JavaThread "Memory manager" [_thread_blocked, id=9052, stack(0x000000002db80000,0x000000002dc80000)]
  0x000000002277e800 JavaThread "Cache worker for file content cache (C:\Users\spart\.gradle\caches\6.5\fileContent)" [_thread_blocked, id=10228, stack(0x0000000025690000,0x0000000025790000)]
  0x000000002277d800 JavaThread "Cache worker for execution history cache (C:\Users\spart\.gradle\caches\6.5\executionHistory)" [_thread_blocked, id=15152, stack(0x0000000024cf0000,0x0000000024df0000)]
  0x0000000019ea3800 JavaThread "Cache worker for file hash cache (C:\Users\spart\.gradle\caches\6.5\fileHashes)" [_thread_blocked, id=16236, stack(0x000000001ee80000,0x000000001ef80000)]
  0x000000001ae98000 JavaThread "File lock request listener" [_thread_in_native, id=7148, stack(0x000000001ed80000,0x000000001ee80000)]
  0x000000001c996800 JavaThread "Cache worker for journal cache (C:\Users\spart\.gradle\caches\journal-1)" [_thread_blocked, id=11836, stack(0x000000001ec80000,0x000000001ed80000)]
  0x000000001c875800 JavaThread "Daemon periodic checks" [_thread_blocked, id=11156, stack(0x000000001df80000,0x000000001e080000)]
  0x000000001c8ec800 JavaThread "Incoming local TCP Connector on port 62038" [_thread_in_native, id=16380, stack(0x000000001dd40000,0x000000001de40000)]
  0x000000001c7cd800 JavaThread "Daemon health stats" [_thread_blocked, id=9576, stack(0x000000001d700000,0x000000001d800000)]
  0x0000000019ef5800 JavaThread "Service Thread" daemon [_thread_blocked, id=11152, stack(0x000000001ab60000,0x000000001ac60000)]
  0x0000000019ea2000 JavaThread "C1 CompilerThread3" daemon [_thread_blocked, id=16148, stack(0x000000001aa60000,0x000000001ab60000)]
  0x0000000019e9f800 JavaThread "C2 CompilerThread2" daemon [_thread_in_native, id=15568, stack(0x000000001a960000,0x000000001aa60000)]
  0x0000000019e9a800 JavaThread "C2 CompilerThread1" daemon [_thread_in_native, id=13572, stack(0x000000001a860000,0x000000001a960000)]
=>0x0000000019e93800 JavaThread "C2 CompilerThread0" daemon [_thread_in_native, id=9292, stack(0x000000001a760000,0x000000001a860000)]
  0x0000000019e96800 JavaThread "Attach Listener" daemon [_thread_blocked, id=9484, stack(0x000000001a660000,0x000000001a760000)]
  0x0000000019e95800 JavaThread "Signal Dispatcher" daemon [_thread_blocked, id=15452, stack(0x000000001a560000,0x000000001a660000)]
  0x0000000002fde000 JavaThread "Finalizer" daemon [_thread_blocked, id=15276, stack(0x000000001a360000,0x000000001a460000)]
  0x0000000002fd7000 JavaThread "Reference Handler" daemon [_thread_blocked, id=11024, stack(0x000000001a260000,0x000000001a360000)]
  0x0000000002ee2800 JavaThread "main" [_thread_blocked, id=13564, stack(0x0000000002d50000,0x0000000002e50000)]

Other Threads:
  0x0000000018046800 VMThread [stack: 0x0000000019d60000,0x0000000019e60000] [id=148]
  0x0000000019ef6800 WatcherThread [stack: 0x000000001ac60000,0x000000001ad60000] [id=2372]

VM state:not at safepoint (normal execution)

VM Mutex/Monitor currently owned by a thread: None

OutOfMemory and StackOverflow Exception counts:
OutOfMemoryError java_heap_errors=1

heap address: 0x0000000080000000, size: 2048 MB, Compressed Oops mode: 32-bit
Narrow klass base: 0x0000000000000000, Narrow klass shift: 3
Compressed class space size: 1073741824 Address: 0x0000000100000000

Heap:
 PSYoungGen      total 577024K, used 341084K [0x00000000d5580000, 0x00000000fef00000, 0x0000000100000000)
  eden space 472576K, 63% used [0x00000000d5580000,0x00000000e7911d28,0x00000000f2300000)
  from space 104448K, 40% used [0x00000000f8900000,0x00000000fb2855b8,0x00000000fef00000)
  to   space 104448K, 0% used [0x00000000f2300000,0x00000000f2300000,0x00000000f8900000)
 ParOldGen       total 502784K, used 83570K [0x0000000080000000, 0x000000009eb00000, 0x00000000d5580000)
  object space 502784K, 16% used [0x0000000080000000,0x000000008519cb78,0x000000009eb00000)
 Metaspace       used 162305K, capacity 173048K, committed 173400K, reserved 1200128K
  class space    used 20574K, capacity 22400K, committed 22656K, reserved 1048576K

Card table byte_map: [0x00000000123a0000,0x00000000127b0000] byte_map_base: 0x0000000011fa0000

Marking Bits: (ParMarkBitMap*) 0x000000007227f030
 Begin Bits: [0x0000000013260000, 0x0000000015260000)
 End Bits:   [0x0000000015260000, 0x0000000017260000)

Polling page: 0x00000000014b0000

CodeCache: size=245760Kb used=110449Kb max_used=110802Kb free=135310Kb
 bounds [0x0000000002fe0000, 0x0000000009d30000, 0x0000000011fe0000]
 total_blobs=31424 nmethods=30321 adapters=1011
 compilation: enabled

Compilation events (10 events):
Event: 18422.153 Thread 0x0000000019ea2000 43020       3       com.android.tools.r8.dex.P$g::addField (20 bytes)
Event: 18422.153 Thread 0x0000000019ea2000 nmethod 43020 0x000000000995bad0 code [0x000000000995bc60, 0x000000000995c128]
Event: 18422.155 Thread 0x0000000019e9f800 nmethod 43015 0x00000000059aab10 code [0x00000000059aacc0, 0x00000000059ab9f8]
Event: 18422.155 Thread 0x0000000019e9f800 43018       4       com.android.tools.r8.dex.P$c$$Lambda$1801/865355174::compare (16 bytes)
Event: 18422.156 Thread 0x0000000019e9f800 nmethod 43018 0x0000000004343bd0 code [0x0000000004343d20, 0x0000000004343e28]
Event: 18422.156 Thread 0x0000000019e9f800 43021   !   4       org.gradle.internal.hash.DefaultFileHasher::hash (71 bytes)
Event: 18422.159 Thread 0x0000000019ea2000 43023       3       com.android.tools.r8.graph.X::collectIndexedItems (112 bytes)
Event: 18422.160 Thread 0x0000000019ea2000 nmethod 43023 0x0000000005d59690 code [0x0000000005d598a0, 0x0000000005d5a4c8]
Event: 18422.188 Thread 0x0000000019e9a800 nmethod 43009% 0x0000000008402150 code [0x00000000084025c0, 0x0000000008404ee8]
Event: 18422.188 Thread 0x0000000019e9a800 43024       4       com.android.tools.r8.dex.P$g::addField (20 bytes)

GC Heap History (10 events):
Event: 17669.682 GC heap before
{Heap before GC invocations=83 (full 9):
 PSYoungGen      total 564736K, used 506628K [0x00000000d5580000, 0x0000000100000000, 0x0000000100000000)
  eden space 440832K, 100% used [0x00000000d5580000,0x00000000f0400000,0x00000000f0400000)
  from space 123904K, 53% used [0x00000000f0400000,0x00000000f4441128,0x00000000f7d00000)
  to   space 122880K, 0% used [0x00000000f8800000,0x00000000f8800000,0x0000000100000000)
 ParOldGen       total 502784K, used 83546K [0x0000000080000000, 0x000000009eb00000, 0x00000000d5580000)
  object space 502784K, 16% used [0x0000000080000000,0x0000000085196b78,0x000000009eb00000)
 Metaspace       used 161828K, capacity 172424K, committed 172888K, reserved 1200128K
  class space    used 20551K, capacity 22362K, committed 22656K, reserved 1048576K
Event: 17669.752 GC heap after
Heap after GC invocations=83 (full 9):
 PSYoungGen      total 571904K, used 66650K [0x00000000d5580000, 0x00000000ffd00000, 0x0000000100000000)
  eden space 452096K, 0% used [0x00000000d5580000,0x00000000d5580000,0x00000000f0f00000)
  from space 119808K, 55% used [0x00000000f8800000,0x00000000fc916b98,0x00000000ffd00000)
  to   space 121856K, 0% used [0x00000000f0f00000,0x00000000f0f00000,0x00000000f8600000)
 ParOldGen       total 502784K, used 83546K [0x0000000080000000, 0x000000009eb00000, 0x00000000d5580000)
  object space 502784K, 16% used [0x0000000080000000,0x0000000085196b78,0x000000009eb00000)
 Metaspace       used 161828K, capacity 172424K, committed 172888K, reserved 1200128K
  class space    used 20551K, capacity 22362K, committed 22656K, reserved 1048576K
}
Event: 17670.856 GC heap before
{Heap before GC invocations=84 (full 9):
 PSYoungGen      total 571904K, used 518746K [0x00000000d5580000, 0x00000000ffd00000, 0x0000000100000000)
  eden space 452096K, 100% used [0x00000000d5580000,0x00000000f0f00000,0x00000000f0f00000)
  from space 119808K, 55% used [0x00000000f8800000,0x00000000fc916b98,0x00000000ffd00000)
  to   space 121856K, 0% used [0x00000000f0f00000,0x00000000f0f00000,0x00000000f8600000)
 ParOldGen       total 502784K, used 83546K [0x0000000080000000, 0x000000009eb00000, 0x00000000d5580000)
  object space 502784K, 16% used [0x0000000080000000,0x0000000085196b78,0x000000009eb00000)
 Metaspace       used 161838K, capacity 172494K, committed 172888K, reserved 1200128K
  class space    used 20552K, capacity 22363K, committed 22656K, reserved 1048576K
Event: 17670.875 GC heap after
Heap after GC invocations=84 (full 9):
 PSYoungGen      total 573952K, used 37879K [0x00000000d5580000, 0x00000000ff900000, 0x0000000100000000)
  eden space 452096K, 0% used [0x00000000d5580000,0x00000000d5580000,0x00000000f0f00000)
  from space 121856K, 31% used [0x00000000f0f00000,0x00000000f33fdf28,0x00000000f8600000)
  to   space 117248K, 0% used [0x00000000f8680000,0x00000000f8680000,0x00000000ff900000)
 ParOldGen       total 502784K, used 83554K [0x0000000080000000, 0x000000009eb00000, 0x00000000d5580000)
  object space 502784K, 16% used [0x0000000080000000,0x0000000085198b78,0x000000009eb00000)
 Metaspace       used 161838K, capacity 172494K, committed 172888K, reserved 1200128K
  class space    used 20552K, capacity 22363K, committed 22656K, reserved 1048576K
}
Event: 17737.233 GC heap before
{Heap before GC invocations=85 (full 9):
 PSYoungGen      total 573952K, used 489975K [0x00000000d5580000, 0x00000000ff900000, 0x0000000100000000)
  eden space 452096K, 100% used [0x00000000d5580000,0x00000000f0f00000,0x00000000f0f00000)
  from space 121856K, 31% used [0x00000000f0f00000,0x00000000f33fdf28,0x00000000f8600000)
  to   space 117248K, 0% used [0x00000000f8680000,0x00000000f8680000,0x00000000ff900000)
 ParOldGen       total 502784K, used 83554K [0x0000000080000000, 0x000000009eb00000, 0x00000000d5580000)
  object space 502784K, 16% used [0x0000000080000000,0x0000000085198b78,0x000000009eb00000)
 Metaspace       used 161952K, capacity 172572K, committed 172888K, reserved 1200128K
  class space    used 20560K, capacity 22376K, committed 22656K, reserved 1048576K
Event: 17737.246 GC heap after
Heap after GC invocations=85 (full 9):
 PSYoungGen      total 575488K, used 20489K [0x00000000d5580000, 0x00000000ff880000, 0x0000000100000000)
  eden space 458752K, 0% used [0x00000000d5580000,0x00000000d5580000,0x00000000f1580000)
  from space 116736K, 17% used [0x00000000f8680000,0x00000000f9a82568,0x00000000ff880000)
  to   space 115712K, 0% used [0x00000000f1580000,0x00000000f1580000,0x00000000f8680000)
 ParOldGen       total 502784K, used 83554K [0x0000000080000000, 0x000000009eb00000, 0x00000000d5580000)
  object space 502784K, 16% used [0x0000000080000000,0x0000000085198b78,0x000000009eb00000)
 Metaspace       used 161952K, capacity 172572K, committed 172888K, reserved 1200128K
  class space    used 20560K, capacity 22376K, committed 22656K, reserved 1048576K
}
Event: 18377.165 GC heap before
{Heap before GC invocations=86 (full 9):
 PSYoungGen      total 575488K, used 478584K [0x00000000d5580000, 0x00000000ff880000, 0x0000000100000000)
  eden space 458752K, 99% used [0x00000000d5580000,0x00000000f14dbaa0,0x00000000f1580000)
  from space 116736K, 17% used [0x00000000f8680000,0x00000000f9a82568,0x00000000ff880000)
  to   space 115712K, 0% used [0x00000000f1580000,0x00000000f1580000,0x00000000f8680000)
 ParOldGen       total 502784K, used 83554K [0x0000000080000000, 0x000000009eb00000, 0x00000000d5580000)
  object space 502784K, 16% used [0x0000000080000000,0x0000000085198b78,0x000000009eb00000)
 Metaspace       used 162056K, capacity 172744K, committed 173144K, reserved 1200128K
  class space    used 20565K, capacity 22384K, committed 22656K, reserved 1048576K
Event: 18377.180 GC heap after
Heap after GC invocations=86 (full 9):
 PSYoungGen      total 574464K, used 37958K [0x00000000d5580000, 0x00000000ff500000, 0x0000000100000000)
  eden space 458752K, 0% used [0x00000000d5580000,0x00000000d5580000,0x00000000f1580000)
  from space 115712K, 32% used [0x00000000f1580000,0x00000000f3a91810,0x00000000f8680000)
  to   space 110592K, 0% used [0x00000000f8900000,0x00000000f8900000,0x00000000ff500000)
 ParOldGen       total 502784K, used 83562K [0x0000000080000000, 0x000000009eb00000, 0x00000000d5580000)
  object space 502784K, 16% used [0x0000000080000000,0x000000008519ab78,0x000000009eb00000)
 Metaspace       used 162056K, capacity 172744K, committed 173144K, reserved 1200128K
  class space    used 20565K, capacity 22384K, committed 22656K, reserved 1048576K
}
Event: 18421.462 GC heap before
{Heap before GC invocations=87 (full 9):
 PSYoungGen      total 574464K, used 496710K [0x00000000d5580000, 0x00000000ff500000, 0x0000000100000000)
  eden space 458752K, 100% used [0x00000000d5580000,0x00000000f1580000,0x00000000f1580000)
  from space 115712K, 32% used [0x00000000f1580000,0x00000000f3a91810,0x00000000f8680000)
  to   space 110592K, 0% used [0x00000000f8900000,0x00000000f8900000,0x00000000ff500000)
 ParOldGen       total 502784K, used 83562K [0x0000000080000000, 0x000000009eb00000, 0x00000000d5580000)
  object space 502784K, 16% used [0x0000000080000000,0x000000008519ab78,0x000000009eb00000)
 Metaspace       used 162241K, capacity 172906K, committed 173400K, reserved 1200128K
  class space    used 20573K, capacity 22399K, committed 22656K, reserved 1048576K
Event: 18421.480 GC heap after
Heap after GC invocations=87 (full 9):
 PSYoungGen      total 577024K, used 42517K [0x00000000d5580000, 0x00000000fef00000, 0x0000000100000000)
  eden space 472576K, 0% used [0x00000000d5580000,0x00000000d5580000,0x00000000f2300000)
  from space 104448K, 40% used [0x00000000f8900000,0x00000000fb2855b8,0x00000000fef00000)
  to   space 104448K, 0% used [0x00000000f2300000,0x00000000f2300000,0x00000000f8900000)
 ParOldGen       total 502784K, used 83570K [0x0000000080000000, 0x000000009eb00000, 0x00000000d5580000)
  object space 502784K, 16% used [0x0000000080000000,0x000000008519cb78,0x000000009eb00000)
 Metaspace       used 162241K, capacity 172906K, committed 173400K, reserved 1200128K
  class space    used 20573K, capacity 22399K, committed 22656K, reserved 1048576K
}

Deoptimization events (10 events):
Event: 18420.748 Thread 0x000000001cd35000 Uncommon trap: reason=unstable_if action=reinterpret pc=0x0000000007053fd8 method=org.gradle.internal.execution.history.changes.PreviousSuccessChanges.accept(Lorg/gradle/internal/execution/history/changes/ChangeVisitor;)Z @ 4
Event: 18421.531 Thread 0x000000001f7e1800 Uncommon trap: reason=class_check action=maybe_recompile pc=0x0000000008675f14 method=org.gradle.internal.snapshot.impl.AbstractScalarValueSnapshot.snapshot(Ljava/lang/Object;Lorg/gradle/internal/snapshot/ValueSnapshotter;)Lorg/gradle/internal/snapshot/Va
Event: 18421.617 Thread 0x000000001f7e1800 Uncommon trap: reason=class_check action=maybe_recompile pc=0x0000000006a56d5c method=java.util.HashMap$EntrySpliterator.forEachRemaining(Ljava/util/function/Consumer;)V @ 142
Event: 18421.617 Thread 0x000000001f7e1800 Uncommon trap: reason=bimorphic action=maybe_recompile pc=0x0000000007212370 method=com.sun.org.apache.xerces.internal.dom.ElementImpl.getNodeName()Ljava/lang/String; @ 8
Event: 18421.863 Thread 0x000000001f7db000 Uncommon trap: reason=bimorphic action=maybe_recompile pc=0x000000000433bd2c method=com.google.common.collect.ImmutableMap.copyOf(Ljava/util/Map;)Lcom/google/common/collect/ImmutableMap; @ 20
Event: 18421.876 Thread 0x000000001f7db000 Uncommon trap: reason=class_check action=maybe_recompile pc=0x0000000006a56d5c method=java.util.HashMap$EntrySpliterator.forEachRemaining(Ljava/util/function/Consumer;)V @ 142
Event: 18421.908 Thread 0x000000001f7df800 Uncommon trap: reason=bimorphic action=maybe_recompile pc=0x00000000097a5cd8 method=kotlin.collections.CollectionsKt__MutableCollectionsKt.addAll(Ljava/util/Collection;Ljava/lang/Iterable;)Z @ 35
Event: 18421.993 Thread 0x000000003eb22000 Uncommon trap: reason=unstable_if action=reinterpret pc=0x0000000004347a90 method=com.android.tools.r8.dex.n.b()Lcom/android/tools/r8/graph/x; @ 109
Event: 18422.098 Thread 0x000000001f7e0000 Uncommon trap: reason=unstable_if action=reinterpret pc=0x0000000007edae64 method=com.android.tools.r8.ir.conversion.O.a(Lcom/android/tools/r8/graph/y$a;)V @ 109
Event: 18422.141 Thread 0x000000001f7e0000 Uncommon trap: reason=unstable_if action=reinterpret pc=0x0000000005d57470 method=com.android.tools.r8.dex.P$c.a(Ljava/util/Map;Lcom/android/tools/r8/graph/f0;Lcom/android/tools/r8/graph/f0;)I @ 38

Classes redefined (0 events):
No events

Internal exceptions (10 events):
Event: 18421.877 Thread 0x000000001f7e0000 Exception <a 'sun/nio/fs/WindowsException'> (0x00000000db935828) thrown at [C:\src\AOSP-openjdk-git\hotspot\src\share\vm\prims\jni.cpp, line 710]
Event: 18421.956 Thread 0x000000001f7df800 Exception <a 'sun/nio/fs/WindowsException'> (0x00000000df5bc920) thrown at [C:\src\AOSP-openjdk-git\hotspot\src\share\vm\prims\jni.cpp, line 710]
Event: 18421.956 Thread 0x000000001f7df800 Exception <a 'sun/nio/fs/WindowsException'> (0x00000000df5bd9e0) thrown at [C:\src\AOSP-openjdk-git\hotspot\src\share\vm\prims\jni.cpp, line 710]
Event: 18421.956 Thread 0x000000001f7df800 Exception <a 'sun/nio/fs/WindowsException'> (0x00000000df5be6c8) thrown at [C:\src\AOSP-openjdk-git\hotspot\src\share\vm\prims\jni.cpp, line 710]
Event: 18421.956 Thread 0x000000001f7df800 Exception <a 'sun/nio/fs/WindowsException'> (0x00000000df604128) thrown at [C:\src\AOSP-openjdk-git\hotspot\src\share\vm\prims\jni.cpp, line 710]
Event: 18421.956 Thread 0x000000001f7df800 Exception <a 'sun/nio/fs/WindowsException'> (0x00000000df604ca0) thrown at [C:\src\AOSP-openjdk-git\hotspot\src\share\vm\prims\jni.cpp, line 710]
Event: 18421.956 Thread 0x000000001f7df800 Exception <a 'sun/nio/fs/WindowsException'> (0x00000000df605d30) thrown at [C:\src\AOSP-openjdk-git\hotspot\src\share\vm\prims\jni.cpp, line 710]
Event: 18421.960 Thread 0x000000001f7e1800 Exception <a 'sun/nio/fs/WindowsException'> (0x00000000df72e048) thrown at [C:\src\AOSP-openjdk-git\hotspot\src\share\vm\prims\jni.cpp, line 710]
Event: 18421.960 Thread 0x000000001f7e1800 Exception <a 'sun/nio/fs/WindowsException'> (0x00000000df72f108) thrown at [C:\src\AOSP-openjdk-git\hotspot\src\share\vm\prims\jni.cpp, line 710]
Event: 18421.962 Thread 0x000000001fc7a000 Exception <a 'sun/nio/fs/WindowsException'> (0x00000000d7826610) thrown at [C:\src\AOSP-openjdk-git\hotspot\src\share\vm\prims\jni.cpp, line 710]

Events (10 events):
Event: 18422.082 Executing VM operation: RevokeBias
Event: 18422.083 Executing VM operation: RevokeBias done
Event: 18422.098 Thread 0x000000001f7e0000 DEOPT PACKING pc=0x000000000597b51b sp=0x000000003728ddd0
Event: 18422.098 Thread 0x000000001f7e0000 DEOPT UNPACKING pc=0x00000000030275d0 sp=0x000000003728db68 mode 0
Event: 18422.098 Thread 0x000000001f7e0000 Uncommon trap: trap_request=0xffffff65 fr.pc=0x0000000007edae64
Event: 18422.098 Thread 0x000000001f7e0000 DEOPT PACKING pc=0x0000000007edae64 sp=0x000000003728de30
Event: 18422.098 Thread 0x000000001f7e0000 DEOPT UNPACKING pc=0x000000000302557b sp=0x000000003728dde8 mode 2
Event: 18422.141 Thread 0x000000001f7e0000 Uncommon trap: trap_request=0xffffff65 fr.pc=0x0000000005d57470
Event: 18422.141 Thread 0x000000001f7e0000 DEOPT PACKING pc=0x0000000005d57470 sp=0x000000003728da30
Event: 18422.141 Thread 0x000000001f7e0000 DEOPT UNPACKING pc=0x000000000302557b sp=0x000000003728d9b8 mode 2


Dynamic libraries:
0x00007ff640f60000 - 0x00007ff640f91000 	C:\Program Files\Android\Android Studio\jre\bin\java.exe
0x00007ff8ac230000 - 0x00007ff8ac425000 	C:\WINDOWS\SYSTEM32\ntdll.dll
0x00007ff8ac100000 - 0x00007ff8ac1be000 	C:\WINDOWS\System32\KERNEL32.DLL
0x00007ff8a9a40000 - 0x00007ff8a9d08000 	C:\WINDOWS\System32\KERNELBASE.dll
0x00007ff8ab5b0000 - 0x00007ff8ab65e000 	C:\WINDOWS\System32\ADVAPI32.dll
0x00007ff8aa3f0000 - 0x00007ff8aa48e000 	C:\WINDOWS\System32\msvcrt.dll
0x00007ff8aa260000 - 0x00007ff8aa2fc000 	C:\WINDOWS\System32\sechost.dll
0x00007ff8ab3f0000 - 0x00007ff8ab515000 	C:\WINDOWS\System32\RPCRT4.dll
0x00007ff8ab240000 - 0x00007ff8ab3e1000 	C:\WINDOWS\System32\USER32.dll
0x00007ff8a9970000 - 0x00007ff8a9992000 	C:\WINDOWS\System32\win32u.dll
0x00007ff8ab580000 - 0x00007ff8ab5ab000 	C:\WINDOWS\System32\GDI32.dll
0x00007ff8a9f50000 - 0x00007ff8aa05d000 	C:\WINDOWS\System32\gdi32full.dll
0x00007ff8a99a0000 - 0x00007ff8a9a3d000 	C:\WINDOWS\System32\msvcp_win.dll
0x00007ff8a9e50000 - 0x00007ff8a9f50000 	C:\WINDOWS\System32\ucrtbase.dll
0x00007ff889fe0000 - 0x00007ff88a27a000 	C:\WINDOWS\WinSxS\amd64_microsoft.windows.common-controls_6595b64144ccf1df_6.0.19041.1110_none_60b5254171f9507e\COMCTL32.dll
0x00007ff8aa4a0000 - 0x00007ff8aa4d0000 	C:\WINDOWS\System32\IMM32.DLL
0x0000000072830000 - 0x0000000072902000 	C:\Program Files\Android\Android Studio\jre\jre\bin\msvcr100.dll
0x0000000071ab0000 - 0x00000000722fb000 	C:\Program Files\Android\Android Studio\jre\jre\bin\server\jvm.dll
0x00007ff8aa490000 - 0x00007ff8aa498000 	C:\WINDOWS\System32\PSAPI.DLL
0x00007ff89a9a0000 - 0x00007ff89a9aa000 	C:\WINDOWS\SYSTEM32\VERSION.dll
0x00007ff8971f0000 - 0x00007ff897217000 	C:\WINDOWS\SYSTEM32\WINMM.dll
0x00007ff8824e0000 - 0x00007ff8824e9000 	C:\WINDOWS\SYSTEM32\WSOCK32.dll
0x00007ff8ab660000 - 0x00007ff8ab6cb000 	C:\WINDOWS\System32\ws2_32.DLL
0x00007ff8a4a00000 - 0x00007ff8a4a0f000 	C:\Program Files\Android\Android Studio\jre\jre\bin\verify.dll
0x00007ff89a390000 - 0x00007ff89a3b9000 	C:\Program Files\Android\Android Studio\jre\jre\bin\java.dll
0x00007ff89a9d0000 - 0x00007ff89a9e6000 	C:\Program Files\Android\Android Studio\jre\jre\bin\zip.dll
0x00007ff8aa4d0000 - 0x00007ff8aac14000 	C:\WINDOWS\System32\SHELL32.dll
0x00007ff8a7a00000 - 0x00007ff8a8195000 	C:\WINDOWS\SYSTEM32\windows.storage.dll
0x00007ff8abda0000 - 0x00007ff8ac0f5000 	C:\WINDOWS\System32\combase.dll
0x00007ff8a9360000 - 0x00007ff8a938e000 	C:\WINDOWS\SYSTEM32\Wldp.dll
0x00007ff8ab870000 - 0x00007ff8ab91d000 	C:\WINDOWS\System32\SHCORE.dll
0x00007ff8ab520000 - 0x00007ff8ab575000 	C:\WINDOWS\System32\shlwapi.dll
0x00007ff8a9850000 - 0x00007ff8a986f000 	C:\WINDOWS\SYSTEM32\profapi.dll
0x00007ff897340000 - 0x00007ff89735a000 	C:\Program Files\Android\Android Studio\jre\jre\bin\net.dll
0x00007ff8a90c0000 - 0x00007ff8a912a000 	C:\WINDOWS\system32\mswsock.dll
0x00007ff894850000 - 0x00007ff894863000 	C:\Program Files\Android\Android Studio\jre\jre\bin\nio.dll
0x00007ff894180000 - 0x00007ff8941a7000 	C:\Users\spart\.gradle\native\f6784746aeab05261644944871eae4fe03e0ef1612fff0a4a95f87b438bc6780\windows-amd64\native-platform.dll
0x00007ff8a4990000 - 0x00007ff8a499d000 	C:\Program Files\Android\Android Studio\jre\jre\bin\management.dll
0x00007ff8a92b0000 - 0x00007ff8a92c8000 	C:\WINDOWS\SYSTEM32\CRYPTSP.dll
0x00007ff8a89d0000 - 0x00007ff8a8a04000 	C:\WINDOWS\system32\rsaenh.dll
0x00007ff8aa060000 - 0x00007ff8aa087000 	C:\WINDOWS\System32\bcrypt.dll
0x00007ff8a97d0000 - 0x00007ff8a97fe000 	C:\WINDOWS\SYSTEM32\USERENV.dll
0x00007ff8a9d10000 - 0x00007ff8a9d92000 	C:\WINDOWS\System32\bcryptprimitives.dll
0x00007ff8a92d0000 - 0x00007ff8a92dc000 	C:\WINDOWS\SYSTEM32\CRYPTBASE.dll
0x00007ff8a8d60000 - 0x00007ff8a8d9b000 	C:\WINDOWS\SYSTEM32\IPHLPAPI.DLL
0x00007ff8ab6d0000 - 0x00007ff8ab6d8000 	C:\WINDOWS\System32\NSI.dll
0x00007ff8a1f80000 - 0x00007ff8a1f97000 	C:\WINDOWS\SYSTEM32\dhcpcsvc6.DLL
0x00007ff8a1f60000 - 0x00007ff8a1f7d000 	C:\WINDOWS\SYSTEM32\dhcpcsvc.DLL
0x00007ff8a8da0000 - 0x00007ff8a8e6b000 	C:\WINDOWS\SYSTEM32\DNSAPI.dll
0x00007ff8a4540000 - 0x00007ff8a454b000 	C:\WINDOWS\SYSTEM32\WINNSI.DLL
0x00007ff894250000 - 0x00007ff894274000 	C:\Program Files\Android\Android Studio\jre\jre\bin\sunec.dll
0x00007ff8a2cc0000 - 0x00007ff8a2cca000 	C:\Windows\System32\rasadhlp.dll
0x00007ff89f250000 - 0x00007ff89f2cf000 	C:\WINDOWS\System32\fwpuclnt.dll
0x00007ff897330000 - 0x00007ff89733b000 	C:\Program Files\Android\Android Studio\jre\jre\bin\sunmscapi.dll
0x00007ff8aa090000 - 0x00007ff8aa1e6000 	C:\WINDOWS\System32\CRYPT32.dll
0x00007ff8a8600000 - 0x00007ff8a8633000 	C:\WINDOWS\SYSTEM32\ntmarta.dll
0x00007ff894540000 - 0x00007ff8946dc000 	C:\Program Files\Android\Android Studio\jre\jre\bin\awt.dll
0x00007ff8ab6e0000 - 0x00007ff8ab7ad000 	C:\WINDOWS\System32\OLEAUT32.dll
0x00007ff8a73f0000 - 0x00007ff8a741f000 	C:\WINDOWS\SYSTEM32\dwmapi.dll
0x00007ff8a5230000 - 0x00007ff8a57f0000 	C:\WINDOWS\SYSTEM32\d2d1.dll
0x00007ff8a6ae0000 - 0x00007ff8a6b70000 	C:\WINDOWS\SYSTEM32\apphelp.dll
0x00007ff8a7210000 - 0x00007ff8a72ae000 	C:\WINDOWS\system32\uxtheme.dll
0x00007ff894160000 - 0x00007ff89417e000 	C:\Users\spart\AppData\Local\Temp\native-platform609250523799482675dir\native-platform.dll

VM Arguments:
jvm_args: -Xmx2048m -Dfile.encoding=UTF-8 -Duser.country=US -Duser.language=en -Duser.variant 
java_command: org.gradle.launcher.daemon.bootstrap.GradleDaemon 6.5
java_class_path (initial): C:\Users\spart\.gradle\wrapper\dists\gradle-6.5-bin\6nifqtx7604sqp1q6g8wikw7p\gradle-6.5\lib\gradle-launcher-6.5.jar
Launcher Type: SUN_STANDARD

Environment Variables:
PATH=C:\Program Files (x86)\Razer\ChromaBroadcast\bin;C:\Program Files\Razer\ChromaBroadcast\bin;C:\Program Files\Common Files\Oracle\Java\javapath;C:\ProgramData\Oracle\Java\javapath;C:\Windows\system32;C:\Windows;C:\Windows\System32\Wbem;C:\Windows\System32\WindowsPowerShell\v1.0\;C:\Windows\System32\OpenSSH\;C:\Program Files (x86)\NVIDIA Corporation\PhysX\Common;C:\Program Files\NVIDIA Corporation\NVIDIA NvDLISR;C:\WINDOWS\system32;C:\WINDOWS;C:\WINDOWS\System32\Wbem;C:\WINDOWS\System32\WindowsPowerShell\v1.0\;C:\WINDOWS\System32\OpenSSH\;C:\Program Files (x86)\mingw-w64\i686-8.1.0-posix-dwarf-rt_v6-rev0\mingw32\bin;C:\Users\spart\AppData\Local\Programs\Python\Python38-32\Scripts\;C:\Users\spart\AppData\Local\Programs\Python\Python38-32\;C:\Users\spart\AppData\Local\Microsoft\WindowsApps;C:\Users\spart\AppData\Local\Programs\Microsoft VS Code\bin;C:\Users\spart\AppData\Roaming\npm;C:\Users\spart\anaconda3;C:\Users\spart\AppData\Local\atom\bin;C:\Users\spart\spicetify-cli;C:\Program Files\nodejs\;C:\Program Files (x86)\Git\cmd;C:\Users\spart\AppData\Local\Programs\Python\Python310\Scripts\;C:\Users\spart\AppData\Local\Programs\Python\Python310\;C:\Users\spart\AppData\Local\Microsoft\WindowsApps;C:\Users\spart\AppData\Local\Programs\Microsoft VS Code\bin;C:\Program Files (x86)\mingw-w64\i686-8.1.0-posix-dwarf-rt_v6-rev0\mingw32\bin;C:\Users\spart\anaconda3;C:\Users\spart\AppData\Local\atom\bin;C:\Users\spart\spicetify-cli;C:\Users\spart\AppData\Roaming\npm
USERNAME=spart
OS=Windows_NT
PROCESSOR_IDENTIFIER=Intel64 Family 6 Model 142 Stepping 12, GenuineIntel



---------------  S Y S T E M  ---------------

OS: Windows 10.0 , 64 bit Build 19041 (10.0.19041.1466)

CPU:total 8 (initial active 8) (4 cores per cpu, 2 threads per core) family 6 model 142 stepping 12, cmov, cx8, fxsr, mmx, sse, sse2, sse3, ssse3, sse4.1, sse4.2, popcnt, avx, avx2, aes, clmul, erms, 3dnowpref, lzcnt, ht, tsc, tscinvbit, bmi1, bmi2, adx

Memory: 4k page, physical 16588956k(2405592k free), swap 16588956k(4256k free)

vm_info: OpenJDK 64-Bit Server VM (25.242-b01) for windows-amd64 JRE (1.8.0_242-release-1644-b01), built by "builder" with MS VC++ 10.0 (VS2010)

time: Wed Feb 09 13:46:11 2022
timezone: Arab Standard Time
elapsed time: 18422 seconds (0d 5h 7m 2s)

